::1 - - [23/Nov/2019:05:24:42 +0000] "GET / HTTP/1.1" 302 60 "-" "Mozilla/5.0 (Macintosh; Intel Mac OS X 10_14_6) AppleWebKit/537.36 (KHTML, like Gecko) Chrome/78.0.3904.70 Safari/537.36"
::1 - - [23/Nov/2019:05:24:42 +0000] "GET /burgers HTTP/1.1" 200 2644 "-" "Mozilla/5.0 (Macintosh; Intel Mac OS X 10_14_6) AppleWebKit/537.36 (KHTML, like Gecko) Chrome/78.0.3904.70 Safari/537.36"
::1 - - [23/Nov/2019:05:24:42 +0000] "GET /static/assets/img/cuteBurger.jpg HTTP/1.1" 404 171 "http://localhost:3000/burgers" "Mozilla/5.0 (Macintosh; Intel Mac OS X 10_14_6) AppleWebKit/537.36 (KHTML, like Gecko) Chrome/78.0.3904.70 Safari/537.36"
::1 - - [23/Nov/2019:05:30:02 +0000] "GET /burgers/create HTTP/1.1" 404 153 "-" "Mozilla/5.0 (Macintosh; Intel Mac OS X 10_14_6) AppleWebKit/537.36 (KHTML, like Gecko) Chrome/78.0.3904.70 Safari/537.36"
::1 - - [23/Nov/2019:05:30:07 +0000] "GET /burgers HTTP/1.1" 200 3099 "-" "Mozilla/5.0 (Macintosh; Intel Mac OS X 10_14_6) AppleWebKit/537.36 (KHTML, like Gecko) Chrome/78.0.3904.70 Safari/537.36"
::1 - - [23/Nov/2019:05:30:07 +0000] "GET /static/assets/img/cuteBurger.jpg HTTP/1.1" 404 171 "http://localhost:3000/burgers" "Mozilla/5.0 (Macintosh; Intel Mac OS X 10_14_6) AppleWebKit/537.36 (KHTML, like Gecko) Chrome/78.0.3904.70 Safari/537.36"
::1 - - [23/Nov/2019:05:30:11 +0000] "PUT /burgers/update?_method=PUT HTTP/1.1" 302 46 "http://localhost:3000/burgers" "Mozilla/5.0 (Macintosh; Intel Mac OS X 10_14_6) AppleWebKit/537.36 (KHTML, like Gecko) Chrome/78.0.3904.70 Safari/537.36"
::1 - - [23/Nov/2019:05:30:11 +0000] "GET / HTTP/1.1" 302 60 "http://localhost:3000/burgers" "Mozilla/5.0 (Macintosh; Intel Mac OS X 10_14_6) AppleWebKit/537.36 (KHTML, like Gecko) Chrome/78.0.3904.70 Safari/537.36"
::1 - - [23/Nov/2019:05:30:11 +0000] "GET /burgers HTTP/1.1" 200 2781 "http://localhost:3000/burgers" "Mozilla/5.0 (Macintosh; Intel Mac OS X 10_14_6) AppleWebKit/537.36 (KHTML, like Gecko) Chrome/78.0.3904.70 Safari/537.36"
::1 - - [23/Nov/2019:05:30:11 +0000] "GET /static/assets/img/cuteBurger.jpg HTTP/1.1" 404 171 "http://localhost:3000/burgers" "Mozilla/5.0 (Macintosh; Intel Mac OS X 10_14_6) AppleWebKit/537.36 (KHTML, like Gecko) Chrome/78.0.3904.70 Safari/537.36"
::1 - - [23/Nov/2019:05:30:14 +0000] "POST /burgers/create HTTP/1.1" 302 46 "http://localhost:3000/burgers" "Mozilla/5.0 (Macintosh; Intel Mac OS X 10_14_6) AppleWebKit/537.36 (KHTML, like Gecko) Chrome/78.0.3904.70 Safari/537.36"
::1 - - [23/Nov/2019:05:30:14 +0000] "GET / HTTP/1.1" 302 60 "http://localhost:3000/burgers" "Mozilla/5.0 (Macintosh; Intel Mac OS X 10_14_6) AppleWebKit/537.36 (KHTML, like Gecko) Chrome/78.0.3904.70 Safari/537.36"
::1 - - [23/Nov/2019:05:30:14 +0000] "GET /burgers HTTP/1.1" 200 3186 "http://localhost:3000/burgers" "Mozilla/5.0 (Macintosh; Intel Mac OS X 10_14_6) AppleWebKit/537.36 (KHTML, like Gecko) Chrome/78.0.3904.70 Safari/537.36"
::1 - - [23/Nov/2019:05:30:14 +0000] "GET /static/assets/img/cuteBurger.jpg HTTP/1.1" 404 171 "http://localhost:3000/burgers" "Mozilla/5.0 (Macintosh; Intel Mac OS X 10_14_6) AppleWebKit/537.36 (KHTML, like Gecko) Chrome/78.0.3904.70 Safari/537.36"
::1 - - [23/Nov/2019:05:30:16 +0000] "PUT /burgers/update?_method=PUT HTTP/1.1" 302 46 "http://localhost:3000/burgers" "Mozilla/5.0 (Macintosh; Intel Mac OS X 10_14_6) AppleWebKit/537.36 (KHTML, like Gecko) Chrome/78.0.3904.70 Safari/537.36"
::1 - - [23/Nov/2019:05:30:16 +0000] "GET / HTTP/1.1" 302 60 "http://localhost:3000/burgers" "Mozilla/5.0 (Macintosh; Intel Mac OS X 10_14_6) AppleWebKit/537.36 (KHTML, like Gecko) Chrome/78.0.3904.70 Safari/537.36"
::1 - - [23/Nov/2019:05:30:16 +0000] "GET /burgers HTTP/1.1" 200 2868 "http://localhost:3000/burgers" "Mozilla/5.0 (Macintosh; Intel Mac OS X 10_14_6) AppleWebKit/537.36 (KHTML, like Gecko) Chrome/78.0.3904.70 Safari/537.36"
::1 - - [23/Nov/2019:05:30:16 +0000] "GET /static/assets/img/cuteBurger.jpg HTTP/1.1" 404 171 "http://localhost:3000/burgers" "Mozilla/5.0 (Macintosh; Intel Mac OS X 10_14_6) AppleWebKit/537.36 (KHTML, like Gecko) Chrome/78.0.3904.70 Safari/537.36"
::1 - - [23/Nov/2019:05:30:17 +0000] "PUT /burgers/update?_method=PUT HTTP/1.1" 302 46 "http://localhost:3000/burgers" "Mozilla/5.0 (Macintosh; Intel Mac OS X 10_14_6) AppleWebKit/537.36 (KHTML, like Gecko) Chrome/78.0.3904.70 Safari/537.36"
::1 - - [23/Nov/2019:05:30:17 +0000] "GET / HTTP/1.1" 302 60 "http://localhost:3000/burgers" "Mozilla/5.0 (Macintosh; Intel Mac OS X 10_14_6) AppleWebKit/537.36 (KHTML, like Gecko) Chrome/78.0.3904.70 Safari/537.36"
::1 - - [23/Nov/2019:05:30:17 +0000] "GET /burgers HTTP/1.1" 200 2550 "http://localhost:3000/burgers" "Mozilla/5.0 (Macintosh; Intel Mac OS X 10_14_6) AppleWebKit/537.36 (KHTML, like Gecko) Chrome/78.0.3904.70 Safari/537.36"
::1 - - [23/Nov/2019:05:30:17 +0000] "GET /static/assets/img/cuteBurger.jpg HTTP/1.1" 404 171 "http://localhost:3000/burgers" "Mozilla/5.0 (Macintosh; Intel Mac OS X 10_14_6) AppleWebKit/537.36 (KHTML, like Gecko) Chrome/78.0.3904.70 Safari/537.36"
::1 - - [23/Nov/2019:05:30:18 +0000] "PUT /burgers/update?_method=PUT HTTP/1.1" 302 46 "http://localhost:3000/burgers" "Mozilla/5.0 (Macintosh; Intel Mac OS X 10_14_6) AppleWebKit/537.36 (KHTML, like Gecko) Chrome/78.0.3904.70 Safari/537.36"
::1 - - [23/Nov/2019:05:30:18 +0000] "GET / HTTP/1.1" 302 60 "http://localhost:3000/burgers" "Mozilla/5.0 (Macintosh; Intel Mac OS X 10_14_6) AppleWebKit/537.36 (KHTML, like Gecko) Chrome/78.0.3904.70 Safari/537.36"
::1 - - [23/Nov/2019:05:30:18 +0000] "GET /burgers HTTP/1.1" 200 2232 "http://localhost:3000/burgers" "Mozilla/5.0 (Macintosh; Intel Mac OS X 10_14_6) AppleWebKit/537.36 (KHTML, like Gecko) Chrome/78.0.3904.70 Safari/537.36"
::1 - - [23/Nov/2019:05:30:18 +0000] "GET /static/assets/img/cuteBurger.jpg HTTP/1.1" 404 171 "http://localhost:3000/burgers" "Mozilla/5.0 (Macintosh; Intel Mac OS X 10_14_6) AppleWebKit/537.36 (KHTML, like Gecko) Chrome/78.0.3904.70 Safari/537.36"
::1 - - [23/Nov/2019:05:31:17 +0000] "GET /burgers HTTP/1.1" 200 2228 "http://localhost:3000/burgers" "Mozilla/5.0 (Macintosh; Intel Mac OS X 10_14_6) AppleWebKit/537.36 (KHTML, like Gecko) Chrome/78.0.3904.70 Safari/537.36"
::1 - - [23/Nov/2019:05:31:17 +0000] "GET /static/assets/img/burger.png HTTP/1.1" 404 167 "http://localhost:3000/burgers" "Mozilla/5.0 (Macintosh; Intel Mac OS X 10_14_6) AppleWebKit/537.36 (KHTML, like Gecko) Chrome/78.0.3904.70 Safari/537.36"
::1 - - [23/Nov/2019:05:31:18 +0000] "GET /burgers HTTP/1.1" 304 - "http://localhost:3000/burgers" "Mozilla/5.0 (Macintosh; Intel Mac OS X 10_14_6) AppleWebKit/537.36 (KHTML, like Gecko) Chrome/78.0.3904.70 Safari/537.36"
::1 - - [23/Nov/2019:05:31:18 +0000] "GET /static/assets/img/burger.png HTTP/1.1" 404 167 "http://localhost:3000/burgers" "Mozilla/5.0 (Macintosh; Intel Mac OS X 10_14_6) AppleWebKit/537.36 (KHTML, like Gecko) Chrome/78.0.3904.70 Safari/537.36"
::1 - - [23/Nov/2019:05:32:13 +0000] "GET /burgers HTTP/1.1" 200 2224 "http://localhost:3000/burgers" "Mozilla/5.0 (Macintosh; Intel Mac OS X 10_14_6) AppleWebKit/537.36 (KHTML, like Gecko) Chrome/78.0.3904.70 Safari/537.36"
::1 - - [23/Nov/2019:05:32:13 +0000] "GET /static/assets/burger.png HTTP/1.1" 404 163 "http://localhost:3000/burgers" "Mozilla/5.0 (Macintosh; Intel Mac OS X 10_14_6) AppleWebKit/537.36 (KHTML, like Gecko) Chrome/78.0.3904.70 Safari/537.36"
::1 - - [23/Nov/2019:05:32:14 +0000] "GET /burgers HTTP/1.1" 304 - "http://localhost:3000/burgers" "Mozilla/5.0 (Macintosh; Intel Mac OS X 10_14_6) AppleWebKit/537.36 (KHTML, like Gecko) Chrome/78.0.3904.70 Safari/537.36"
::1 - - [23/Nov/2019:05:32:14 +0000] "GET /static/assets/burger.png HTTP/1.1" 404 163 "http://localhost:3000/burgers" "Mozilla/5.0 (Macintosh; Intel Mac OS X 10_14_6) AppleWebKit/537.36 (KHTML, like Gecko) Chrome/78.0.3904.70 Safari/537.36"
::1 - - [23/Nov/2019:05:32:34 +0000] "GET /burgers HTTP/1.1" 200 2217 "http://localhost:3000/burgers" "Mozilla/5.0 (Macintosh; Intel Mac OS X 10_14_6) AppleWebKit/537.36 (KHTML, like Gecko) Chrome/78.0.3904.70 Safari/537.36"
::1 - - [23/Nov/2019:05:32:34 +0000] "GET /assets/burger.png HTTP/1.1" 404 156 "http://localhost:3000/burgers" "Mozilla/5.0 (Macintosh; Intel Mac OS X 10_14_6) AppleWebKit/537.36 (KHTML, like Gecko) Chrome/78.0.3904.70 Safari/537.36"
::1 - - [23/Nov/2019:05:33:48 +0000] "GET /burgers HTTP/1.1" 200 2230 "http://localhost:3000/burgers" "Mozilla/5.0 (Macintosh; Intel Mac OS X 10_14_6) AppleWebKit/537.36 (KHTML, like Gecko) Chrome/78.0.3904.70 Safari/537.36"
::1 - - [23/Nov/2019:05:33:48 +0000] "GET /public/assets/css/burger.png HTTP/1.1" 404 167 "http://localhost:3000/burgers" "Mozilla/5.0 (Macintosh; Intel Mac OS X 10_14_6) AppleWebKit/537.36 (KHTML, like Gecko) Chrome/78.0.3904.70 Safari/537.36"
::1 - - [23/Nov/2019:05:33:50 +0000] "GET /burgers HTTP/1.1" 304 - "http://localhost:3000/burgers" "Mozilla/5.0 (Macintosh; Intel Mac OS X 10_14_6) AppleWebKit/537.36 (KHTML, like Gecko) Chrome/78.0.3904.70 Safari/537.36"
::1 - - [23/Nov/2019:05:33:50 +0000] "GET /public/assets/css/burger.png HTTP/1.1" 404 167 "http://localhost:3000/burgers" "Mozilla/5.0 (Macintosh; Intel Mac OS X 10_14_6) AppleWebKit/537.36 (KHTML, like Gecko) Chrome/78.0.3904.70 Safari/537.36"
::1 - - [23/Nov/2019:05:33:50 +0000] "GET /burgers HTTP/1.1" 304 - "http://localhost:3000/burgers" "Mozilla/5.0 (Macintosh; Intel Mac OS X 10_14_6) AppleWebKit/537.36 (KHTML, like Gecko) Chrome/78.0.3904.70 Safari/537.36"
::1 - - [23/Nov/2019:05:33:50 +0000] "GET /public/assets/css/burger.png HTTP/1.1" 404 167 "http://localhost:3000/burgers" "Mozilla/5.0 (Macintosh; Intel Mac OS X 10_14_6) AppleWebKit/537.36 (KHTML, like Gecko) Chrome/78.0.3904.70 Safari/537.36"
::1 - - [23/Nov/2019:05:35:36 +0000] "GET /burgers HTTP/1.1" 200 2230 "http://localhost:3000/burgers" "Mozilla/5.0 (Macintosh; Intel Mac OS X 10_14_6) AppleWebKit/537.36 (KHTML, like Gecko) Chrome/78.0.3904.70 Safari/537.36"
::1 - - [23/Nov/2019:05:35:36 +0000] "GET /public/assets/css/style.css HTTP/1.1" 404 166 "http://localhost:3000/burgers" "Mozilla/5.0 (Macintosh; Intel Mac OS X 10_14_6) AppleWebKit/537.36 (KHTML, like Gecko) Chrome/78.0.3904.70 Safari/537.36"
::1 - - [23/Nov/2019:05:35:36 +0000] "GET /public/assets/css/burger.png HTTP/1.1" 404 167 "http://localhost:3000/burgers" "Mozilla/5.0 (Macintosh; Intel Mac OS X 10_14_6) AppleWebKit/537.36 (KHTML, like Gecko) Chrome/78.0.3904.70 Safari/537.36"
::1 - - [23/Nov/2019:05:36:00 +0000] "GET /burgers HTTP/1.1" 200 2230 "http://localhost:3000/burgers" "Mozilla/5.0 (Macintosh; Intel Mac OS X 10_14_6) AppleWebKit/537.36 (KHTML, like Gecko) Chrome/78.0.3904.70 Safari/537.36"
::1 - - [23/Nov/2019:05:36:00 +0000] "GET /public/assets/css/burger.png HTTP/1.1" 404 167 "http://localhost:3000/burgers" "Mozilla/5.0 (Macintosh; Intel Mac OS X 10_14_6) AppleWebKit/537.36 (KHTML, like Gecko) Chrome/78.0.3904.70 Safari/537.36"
::1 - - [23/Nov/2019:05:36:28 +0000] "GET /burgers HTTP/1.1" 200 2230 "http://localhost:3000/burgers" "Mozilla/5.0 (Macintosh; Intel Mac OS X 10_14_6) AppleWebKit/537.36 (KHTML, like Gecko) Chrome/78.0.3904.70 Safari/537.36"
::1 - - [23/Nov/2019:05:36:30 +0000] "POST /burgers/create HTTP/1.1" 302 46 "http://localhost:3000/burgers" "Mozilla/5.0 (Macintosh; Intel Mac OS X 10_14_6) AppleWebKit/537.36 (KHTML, like Gecko) Chrome/78.0.3904.70 Safari/537.36"
::1 - - [23/Nov/2019:05:36:30 +0000] "GET / HTTP/1.1" 302 60 "http://localhost:3000/burgers" "Mozilla/5.0 (Macintosh; Intel Mac OS X 10_14_6) AppleWebKit/537.36 (KHTML, like Gecko) Chrome/78.0.3904.70 Safari/537.36"
::1 - - [23/Nov/2019:05:36:30 +0000] "GET /burgers HTTP/1.1" 304 - "http://localhost:3000/burgers" "Mozilla/5.0 (Macintosh; Intel Mac OS X 10_14_6) AppleWebKit/537.36 (KHTML, like Gecko) Chrome/78.0.3904.70 Safari/537.36"
::1 - - [23/Nov/2019:05:36:35 +0000] "POST /burgers/create HTTP/1.1" 302 46 "http://localhost:3000/burgers" "Mozilla/5.0 (Macintosh; Intel Mac OS X 10_14_6) AppleWebKit/537.36 (KHTML, like Gecko) Chrome/78.0.3904.70 Safari/537.36"
::1 - - [23/Nov/2019:05:36:35 +0000] "GET / HTTP/1.1" 302 60 "http://localhost:3000/burgers" "Mozilla/5.0 (Macintosh; Intel Mac OS X 10_14_6) AppleWebKit/537.36 (KHTML, like Gecko) Chrome/78.0.3904.70 Safari/537.36"
::1 - - [23/Nov/2019:05:36:35 +0000] "GET /burgers HTTP/1.1" 200 2636 "http://localhost:3000/burgers" "Mozilla/5.0 (Macintosh; Intel Mac OS X 10_14_6) AppleWebKit/537.36 (KHTML, like Gecko) Chrome/78.0.3904.70 Safari/537.36"
::1 - - [23/Nov/2019:05:36:37 +0000] "PUT /burgers/update?_method=PUT HTTP/1.1" 302 46 "http://localhost:3000/burgers" "Mozilla/5.0 (Macintosh; Intel Mac OS X 10_14_6) AppleWebKit/537.36 (KHTML, like Gecko) Chrome/78.0.3904.70 Safari/537.36"
::1 - - [23/Nov/2019:05:36:37 +0000] "GET / HTTP/1.1" 302 60 "http://localhost:3000/burgers" "Mozilla/5.0 (Macintosh; Intel Mac OS X 10_14_6) AppleWebKit/537.36 (KHTML, like Gecko) Chrome/78.0.3904.70 Safari/537.36"
::1 - - [23/Nov/2019:05:36:37 +0000] "GET /burgers HTTP/1.1" 200 2318 "http://localhost:3000/burgers" "Mozilla/5.0 (Macintosh; Intel Mac OS X 10_14_6) AppleWebKit/537.36 (KHTML, like Gecko) Chrome/78.0.3904.70 Safari/537.36"
::1 - - [27/Nov/2019:20:43:54 +0000] "GET /burgers HTTP/1.1" 200 2318 "-" "Mozilla/5.0 (Macintosh; Intel Mac OS X 10_14_6) AppleWebKit/537.36 (KHTML, like Gecko) Chrome/78.0.3904.70 Safari/537.36"
::1 - - [27/Nov/2019:20:43:55 +0000] "GET /burgers HTTP/1.1" 304 - "-" "Mozilla/5.0 (Macintosh; Intel Mac OS X 10_14_6) AppleWebKit/537.36 (KHTML, like Gecko) Chrome/78.0.3904.70 Safari/537.36"
::1 - - [27/Nov/2019:20:46:30 +0000] "GET /burgers HTTP/1.1" 304 - "-" "Mozilla/5.0 (Macintosh; Intel Mac OS X 10_14_6) AppleWebKit/537.36 (KHTML, like Gecko) Chrome/78.0.3904.70 Safari/537.36"
::1 - - [27/Nov/2019:20:46:38 +0000] "POST /burgers/create HTTP/1.1" 302 46 "http://localhost:3000/burgers" "Mozilla/5.0 (Macintosh; Intel Mac OS X 10_14_6) AppleWebKit/537.36 (KHTML, like Gecko) Chrome/78.0.3904.70 Safari/537.36"
::1 - - [27/Nov/2019:20:46:38 +0000] "GET / HTTP/1.1" 302 60 "http://localhost:3000/burgers" "Mozilla/5.0 (Macintosh; Intel Mac OS X 10_14_6) AppleWebKit/537.36 (KHTML, like Gecko) Chrome/78.0.3904.70 Safari/537.36"
::1 - - [27/Nov/2019:20:46:38 +0000] "GET /burgers HTTP/1.1" 200 2724 "http://localhost:3000/burgers" "Mozilla/5.0 (Macintosh; Intel Mac OS X 10_14_6) AppleWebKit/537.36 (KHTML, like Gecko) Chrome/78.0.3904.70 Safari/537.36"
::1 - - [27/Nov/2019:20:46:41 +0000] "PUT /burgers/update?_method=PUT HTTP/1.1" 302 46 "http://localhost:3000/burgers" "Mozilla/5.0 (Macintosh; Intel Mac OS X 10_14_6) AppleWebKit/537.36 (KHTML, like Gecko) Chrome/78.0.3904.70 Safari/537.36"
::1 - - [27/Nov/2019:20:46:41 +0000] "GET / HTTP/1.1" 302 60 "http://localhost:3000/burgers" "Mozilla/5.0 (Macintosh; Intel Mac OS X 10_14_6) AppleWebKit/537.36 (KHTML, like Gecko) Chrome/78.0.3904.70 Safari/537.36"
::1 - - [27/Nov/2019:20:46:41 +0000] "GET /burgers HTTP/1.1" 200 2406 "http://localhost:3000/burgers" "Mozilla/5.0 (Macintosh; Intel Mac OS X 10_14_6) AppleWebKit/537.36 (KHTML, like Gecko) Chrome/78.0.3904.70 Safari/537.36"
::1 - - [27/Nov/2019:20:59:13 +0000] "GET /burgers HTTP/1.1" 304 - "http://localhost:3000/burgers" "Mozilla/5.0 (Macintosh; Intel Mac OS X 10_14_6) AppleWebKit/537.36 (KHTML, like Gecko) Chrome/78.0.3904.70 Safari/537.36"
::1 - - [27/Nov/2019:21:00:20 +0000] "POST /burgers/create HTTP/1.1" 302 46 "http://localhost:3000/burgers" "Mozilla/5.0 (Macintosh; Intel Mac OS X 10_14_6) AppleWebKit/537.36 (KHTML, like Gecko) Chrome/78.0.3904.70 Safari/537.36"
::1 - - [27/Nov/2019:21:00:20 +0000] "GET / HTTP/1.1" 302 60 "http://localhost:3000/burgers" "Mozilla/5.0 (Macintosh; Intel Mac OS X 10_14_6) AppleWebKit/537.36 (KHTML, like Gecko) Chrome/78.0.3904.70 Safari/537.36"
::1 - - [27/Nov/2019:21:00:20 +0000] "GET /burgers HTTP/1.1" 200 2811 "http://localhost:3000/burgers" "Mozilla/5.0 (Macintosh; Intel Mac OS X 10_14_6) AppleWebKit/537.36 (KHTML, like Gecko) Chrome/78.0.3904.70 Safari/537.36"
::1 - - [27/Nov/2019:21:00:32 +0000] "PUT /burgers/update?_method=PUT HTTP/1.1" 302 46 "http://localhost:3000/burgers" "Mozilla/5.0 (Macintosh; Intel Mac OS X 10_14_6) AppleWebKit/537.36 (KHTML, like Gecko) Chrome/78.0.3904.70 Safari/537.36"
::1 - - [27/Nov/2019:21:00:32 +0000] "GET / HTTP/1.1" 302 60 "http://localhost:3000/burgers" "Mozilla/5.0 (Macintosh; Intel Mac OS X 10_14_6) AppleWebKit/537.36 (KHTML, like Gecko) Chrome/78.0.3904.70 Safari/537.36"
::1 - - [27/Nov/2019:21:00:32 +0000] "GET /burgers HTTP/1.1" 200 2493 "http://localhost:3000/burgers" "Mozilla/5.0 (Macintosh; Intel Mac OS X 10_14_6) AppleWebKit/537.36 (KHTML, like Gecko) Chrome/78.0.3904.70 Safari/537.36"
